#
# There is insufficient memory for the Java Runtime Environment to continue.
# Native memory allocation (mmap) failed to map 98566144 bytes for G1 virtual space
# Possible reasons:
#   The system is out of physical RAM or swap space
#   The process is running with CompressedOops enabled, and the Java Heap may be blocking the growth of the native heap
# Possible solutions:
#   Reduce memory load on the system
#   Increase physical memory or swap space
#   Check if swap backing store is full
#   Decrease Java heap size (-Xmx/-Xms)
#   Decrease number of Java threads
#   Decrease Java thread stack sizes (-Xss)
#   Set larger code cache with -XX:ReservedCodeCacheSize=
#   JVM is running with Unscaled Compressed Oops mode in which the Java heap is
#     placed in the first 4GB address space. The Java Heap base address is the
#     maximum limit for the native heap growth. Please use -XX:HeapBaseMinAddress
#     to set the Java Heap base and to place the Java Heap above 4GB virtual address.
# This output file may be truncated or incomplete.
#
#  Out of Memory Error (os_windows.cpp:3548), pid=11736, tid=17900
#
# JRE version:  (17.0.11+7) (build )
# Java VM: Java HotSpot(TM) 64-Bit Server VM (17.0.11+7-LTS-207, mixed mode, sharing, tiered, compressed oops, compressed class ptrs, g1 gc, windows-amd64)
# No core dump will be written. Minidumps are not enabled by default on client versions of Windows
#

---------------  S U M M A R Y ------------

Command Line: -Dfile.encoding=UTF-8 -Dstdout.encoding=UTF-8 -Dstderr.encoding=UTF-8 -XX:+ShowCodeDetailsInExceptionMessages advancescenario.spicejet

Host: Intel(R) Core(TM) i3 CPU       M 330  @ 2.13GHz, 4 cores, 5G,  Windows 10 , 64 bit Build 19041 (10.0.19041.4957)
Time: Tue Oct  8 03:23:22 2024 Pacific Daylight Time elapsed time: 0.027277 seconds (0d 0h 0m 0s)

---------------  T H R E A D  ---------------

Current thread (0x0000020d0ae9e040):  JavaThread "Unknown thread" [_thread_in_vm, id=17900, stack(0x0000003836800000,0x0000003836900000)]

Stack: [0x0000003836800000,0x0000003836900000]
Native frames: (J=compiled Java code, j=interpreted, Vv=VM code, C=native code)
V  [jvm.dll+0x679cca]
V  [jvm.dll+0x7da13d]
V  [jvm.dll+0x7dba83]
V  [jvm.dll+0x7dc0f3]
V  [jvm.dll+0x2449af]
V  [jvm.dll+0x676ce9]
V  [jvm.dll+0x66b852]
V  [jvm.dll+0x3018d6]
V  [jvm.dll+0x308e76]
V  [jvm.dll+0x3596ee]
V  [jvm.dll+0x35991f]
V  [jvm.dll+0x2d89a8]
V  [jvm.dll+0x2d9914]
V  [jvm.dll+0x7ac6b1]
V  [jvm.dll+0x366f61]
V  [jvm.dll+0x78b609]
V  [jvm.dll+0x3ec22f]
V  [jvm.dll+0x3ede61]
C  [jli.dll+0x5297]
C  [ucrtbase.dll+0x21bb2]
C  [KERNEL32.DLL+0x17374]
C  [ntdll.dll+0x4cc91]


---------------  P R O C E S S  ---------------

Threads class SMR info:
_java_thread_list=0x00007fff8ea17a18, length=0, elements={
}

Java Threads: ( => current thread )

Other Threads:
  0x0000020d0aee9ae0 GCTaskThread "GC Thread#0" [stack: 0x0000003836900000,0x0000003836a00000] [id=12124]
  0x0000020d0aef7ab0 ConcurrentGCThread "G1 Main Marker" [stack: 0x0000003836a00000,0x0000003836b00000] [id=22584]
  0x0000020d0aef83d0 ConcurrentGCThread "G1 Conc#0" [stack: 0x0000003836b00000,0x0000003836c00000] [id=1868]

[error occurred during error reporting (printing all threads), id 0xc0000005, EXCEPTION_ACCESS_VIOLATION (0xc0000005) at pc=0x00007fff8e249497]

VM state: not at safepoint (not fully initialized)

VM Mutex/Monitor currently owned by a thread:  ([mutex/lock_event])
[0x0000020d0ae998e0] Heap_lock - owner thread: 0x0000020d0ae9e040

Heap address: 0x00000000a3200000, size: 1486 MB, Compressed Oops mode: 32-bit

CDS archive(s) mapped at: [0x0000000000000000-0x0000000000000000-0x0000000000000000), size 0, SharedBaseAddress: 0x0000000800000000, ArchiveRelocationMode: 1.
Narrow klass base: 0x0000000000000000, Narrow klass shift: 0, Narrow klass range: 0x0

GC Precious Log:
<Empty>

Heap:
 garbage-first heap   total 0K, used 0K [0x00000000a3200000, 0x0000000100000000)
  region size 1024K, 0 young (0K), 0 survivors (0K)

[error occurred during error reporting (printing heap information), id 0xc0000005, EXCEPTION_ACCESS_VIOLATION (0xc0000005) at pc=0x00007fff8e633559]

GC Heap History (0 events):
No events

Deoptimization events (0 events):
No events

Classes unloaded (0 events):
No events

Classes redefined (0 events):
No events

Internal exceptions (0 events):
No events

VM Operations (0 events):
No events

Events (1 events):
Event: 0.016 Loaded shared library C:\Program Files\Java\jdk-17\bin\java.dll


Dynamic libraries:
0x00007ff6156a0000 - 0x00007ff6156b0000 	C:\Program Files\Java\jdk-17\bin\javaw.exe
0x00007fffbb4d0000 - 0x00007fffbb6c8000 	C:\Windows\SYSTEM32\ntdll.dll
0x00007fffb9740000 - 0x00007fffb9802000 	C:\Windows\System32\KERNEL32.DLL
0x00007fffb9170000 - 0x00007fffb946e000 	C:\Windows\System32\KERNELBASE.dll
0x00007fffb8fd0000 - 0x00007fffb90d0000 	C:\Windows\System32\ucrtbase.dll
0x00007fffb37d0000 - 0x00007fffb37e9000 	C:\Program Files\Java\jdk-17\bin\jli.dll
0x00007fffbacc0000 - 0x00007fffbad70000 	C:\Windows\System32\ADVAPI32.dll
0x00007fffba3a0000 - 0x00007fffba43e000 	C:\Windows\System32\msvcrt.dll
0x00007fffb9500000 - 0x00007fffb95a0000 	C:\Windows\System32\sechost.dll
0x00007fffb9f80000 - 0x00007fffba0a3000 	C:\Windows\System32\RPCRT4.dll
0x00007fffb8d90000 - 0x00007fffb8db7000 	C:\Windows\System32\bcrypt.dll
0x00007fffb95a0000 - 0x00007fffb973d000 	C:\Windows\System32\USER32.dll
0x00007fffb8e10000 - 0x00007fffb8e32000 	C:\Windows\System32\win32u.dll
0x00007fffba8b0000 - 0x00007fffba8db000 	C:\Windows\System32\GDI32.dll
0x00007fffb8eb0000 - 0x00007fffb8fc7000 	C:\Windows\System32\gdi32full.dll
0x00007fffb90d0000 - 0x00007fffb916d000 	C:\Windows\System32\msvcp_win.dll
0x00007fffb2390000 - 0x00007fffb23ab000 	C:\Program Files\Java\jdk-17\bin\VCRUNTIME140.dll
0x00007fffa5c50000 - 0x00007fffa5eea000 	C:\Windows\WinSxS\amd64_microsoft.windows.common-controls_6595b64144ccf1df_6.0.19041.4355_none_60b8b9eb71f62e16\COMCTL32.dll
0x00007fffa8030000 - 0x00007fffa803a000 	C:\Windows\SYSTEM32\VERSION.dll
0x00007fffbae40000 - 0x00007fffbae6f000 	C:\Windows\System32\IMM32.DLL
0x00007fffb51c0000 - 0x00007fffb51cc000 	C:\Program Files\Java\jdk-17\bin\vcruntime140_1.dll
0x00007fffab700000 - 0x00007fffab78e000 	C:\Program Files\Java\jdk-17\bin\msvcp140.dll
0x00007fff8df60000 - 0x00007fff8eb40000 	C:\Program Files\Java\jdk-17\bin\server\jvm.dll
0x00007fffba110000 - 0x00007fffba118000 	C:\Windows\System32\PSAPI.DLL
0x00007fffb3eb0000 - 0x00007fffb3eb9000 	C:\Windows\SYSTEM32\WSOCK32.dll
0x00007fff9f2b0000 - 0x00007fff9f2d7000 	C:\Windows\SYSTEM32\WINMM.dll
0x00007fffbb3c0000 - 0x00007fffbb42b000 	C:\Windows\System32\WS2_32.dll
0x00007fffb6a00000 - 0x00007fffb6a12000 	C:\Windows\SYSTEM32\kernel.appcore.dll
0x00007fffb3e10000 - 0x00007fffb3e1a000 	C:\Program Files\Java\jdk-17\bin\jimage.dll
0x00007fffb09e0000 - 0x00007fffb0bc4000 	C:\Windows\SYSTEM32\DBGHELP.DLL
0x00007fffb0820000 - 0x00007fffb0854000 	C:\Windows\SYSTEM32\dbgcore.DLL
0x00007fffb9470000 - 0x00007fffb94f2000 	C:\Windows\System32\bcryptPrimitives.dll
0x00007fffb2170000 - 0x00007fffb2195000 	C:\Program Files\Java\jdk-17\bin\java.dll

dbghelp: loaded successfully - version: 4.0.5 - missing functions: none
symbol engine: initialized successfully - sym options: 0x614 - pdb path: .;C:\Program Files\Java\jdk-17\bin;C:\Windows\SYSTEM32;C:\Windows\WinSxS\amd64_microsoft.windows.common-controls_6595b64144ccf1df_6.0.19041.4355_none_60b8b9eb71f62e16;C:\Program Files\Java\jdk-17\bin\server

VM Arguments:
jvm_args: -Dfile.encoding=UTF-8 -Dstdout.encoding=UTF-8 -Dstderr.encoding=UTF-8 -XX:+ShowCodeDetailsInExceptionMessages 
java_command: advancescenario.spicejet
java_class_path (initial): F:\workspacesoni1\Selenium\target\test-classes;F:\workspacesoni1\Selenium\target\classes;C:\Users\HP\.m2\repository\org\seleniumhq\selenium\selenium-java\4.22.0\selenium-java-4.22.0.jar;C:\Users\HP\.m2\repository\org\seleniumhq\selenium\selenium-api\4.22.0\selenium-api-4.22.0.jar;C:\Users\HP\.m2\repository\org\seleniumhq\selenium\selenium-chrome-driver\4.22.0\selenium-chrome-driver-4.22.0.jar;C:\Users\HP\.m2\repository\com\google\auto\service\auto-service-annotations\1.1.1\auto-service-annotations-1.1.1.jar;C:\Users\HP\.m2\repository\org\seleniumhq\selenium\selenium-chromium-driver\4.22.0\selenium-chromium-driver-4.22.0.jar;C:\Users\HP\.m2\repository\org\seleniumhq\selenium\selenium-json\4.22.0\selenium-json-4.22.0.jar;C:\Users\HP\.m2\repository\org\seleniumhq\selenium\selenium-manager\4.22.0\selenium-manager-4.22.0.jar;C:\Users\HP\.m2\repository\org\seleniumhq\selenium\selenium-devtools-v124\4.22.0\selenium-devtools-v124-4.22.0.jar;C:\Users\HP\.m2\repository\org\seleniumhq\selenium\selenium-devtools-v125\4.22.0\selenium-devtools-v125-4.22.0.jar;C:\Users\HP\.m2\repository\org\seleniumhq\selenium\selenium-devtools-v126\4.22.0\selenium-devtools-v126-4.22.0.jar;C:\Users\HP\.m2\repository\org\seleniumhq\selenium\selenium-devtools-v85\4.22.0\selenium-devtools-v85-4.22.0.jar;C:\Users\HP\.m2\repository\org\seleniumhq\selenium\selenium-edge-driver\4.22.0\selenium-edge-driver-4.22.0.jar;C:\Users\HP\.m2\repository\org\seleniumhq\selenium\selenium-firefox-driver\4.22.0\selenium-firefox-driver-4.22.0.jar;C:\Users\HP\.m2\repository\org\seleniumhq\selenium\selenium-http\4.22.0\selenium-http-4.22.0.jar;C:\Users\HP\.m2\repository\dev\failsafe\failsafe\3.3.2\failsafe-3.3.2.jar;C:\Users\HP\.m2\repository\org\seleniumhq\selenium\selenium-ie-driver\4.22.0\selenium-ie-driver-4.22.0.jar;C:\Users\HP\.m2\repository\org\seleniumhq\selenium\selenium-remote-driver\4.22.0\selenium-remote-driver-4.22.0.jar;C:\Users\HP\.m2\repository\com\google\guava\guava\33.2.1-jre
Launcher Type: SUN_STANDARD

[Global flags]
     intx CICompilerCount                          = 3                                         {product} {ergonomic}
     uint ConcGCThreads                            = 1                                         {product} {ergonomic}
     uint G1ConcRefinementThreads                  = 4                                         {product} {ergonomic}
   size_t G1HeapRegionSize                         = 1048576                                   {product} {ergonomic}
    uintx GCDrainStackTargetSize                   = 64                                        {product} {ergonomic}
   size_t InitialHeapSize                          = 98566144                                  {product} {ergonomic}
   size_t MarkStackSize                            = 4194304                                   {product} {ergonomic}
   size_t MaxHeapSize                              = 1558183936                                {product} {ergonomic}
   size_t MinHeapDeltaBytes                        = 1048576                                   {product} {ergonomic}
   size_t MinHeapSize                              = 8388608                                   {product} {ergonomic}
    uintx NonNMethodCodeHeapSize                   = 5832780                                {pd product} {ergonomic}
    uintx NonProfiledCodeHeapSize                  = 122912730                              {pd product} {ergonomic}
    uintx ProfiledCodeHeapSize                     = 122912730                              {pd product} {ergonomic}
    uintx ReservedCodeCacheSize                    = 251658240                              {pd product} {ergonomic}
     bool SegmentedCodeCache                       = true                                      {product} {ergonomic}
     bool ShowCodeDetailsInExceptionMessages       = true                                   {manageable} {command line}
   size_t SoftMaxHeapSize                          = 1558183936                             {manageable} {ergonomic}
     bool UseCompressedClassPointers               = true                           {product lp64_product} {ergonomic}
     bool UseCompressedOops                        = true                           {product lp64_product} {ergonomic}
     bool UseG1GC                                  = true                                      {product} {ergonomic}
     bool UseLargePagesIndividualAllocation        = false                                  {pd product} {ergonomic}

Logging:
Log output configuration:
 #0: stdout all=warning uptime,level,tags
 #1: stderr all=off uptime,level,tags

Environment Variables:
JAVA_HOME=C:\Program Files\Java\jdk-17
PATH=C:\harshika\bin;C:\Program Files (x86)\VMware\VMware Workstation\bin\;C:\Program Files\Common Files\Oracle\Java\javapath;C:\Windows\system32;C:\Windows;C:\Windows\System32\Wbem;C:\Windows\System32\WindowsPowerShell\v1.0\;C:\Windows\System32\OpenSSH\;C:\Program Files\MySQL\MySQL Server 5.5\bin;C:\Users\HP\Downloads\apache-maven-3.9.9\bin;C:\Program Files\Java\jdk-17\bin;C:\Users\HP\AppData\Local\Microsoft\WindowsApps;C:\Users\HP\AppData\Local\Programs\Microsoft VS Code\bin
USERNAME=HP
OS=Windows_NT
PROCESSOR_IDENTIFIER=Intel64 Family 6 Model 37 Stepping 2, GenuineIntel



---------------  S Y S T E M  ---------------

OS:
 Windows 10 , 64 bit Build 19041 (10.0.19041.4957)
OS uptime: 12 days 5:37 hours

CPU: total 4 (initial active 4) (2 cores per cpu, 2 threads per core) family 6 model 37 stepping 2 microcode 0x11, cx8, cmov, fxsr, ht, mmx, sse, sse2, sse3, ssse3, sse4.1, sse4.2, popcnt, tsc, tscinvbit, clflush

Memory: 4k page, system-wide physical 5942M (885M free)
TotalPageFile size 24374M (AvailPageFile size 23M)
current process WorkingSet (physical memory assigned to process): 10M, peak: 10M
current process commit charge ("private bytes"): 51M, peak: 145M

vm_info: Java HotSpot(TM) 64-Bit Server VM (17.0.11+7-LTS-207) for windows-amd64 JRE (17.0.11+7-LTS-207), built on Mar 11 2024 19:01:50 by "mach5one" with MS VC++ 17.6 (VS2022)

END.
